2019-08-29 00:12:12.334  INFO 29562 --- [http-nio-8044-exec-4] c.i.t.controller.ProjectController       : Get all Projects with count: 4
2019-08-29 00:12:13.901  INFO 29562 --- [http-nio-8044-exec-5] c.i.training.controller.UserController   : Get all Users with count: 5
2019-08-29 00:13:36.159  INFO 29562 --- [http-nio-8044-exec-7] c.i.t.controller.ProjectController       : Get all Projects with count: 4
2019-08-29 00:13:41.257  INFO 29562 --- [http-nio-8044-exec-8] c.i.t.controller.ProjectController       : Get all Projects with count: 4
2019-08-29 00:13:46.884  INFO 29562 --- [http-nio-8044-exec-9] c.i.t.controller.ProjectController       : Get all Projects with count: 4
2019-08-29 00:13:53.399  INFO 29562 --- [http-nio-8044-exec-10] c.i.t.controller.ProjectController       : Get all Projects with count: 4
2019-08-29 00:13:56.362  INFO 29562 --- [http-nio-8044-exec-1] c.i.training.controller.UserController   : Get all Users with count: 5
2019-08-29 00:15:22.646  INFO 29562 --- [http-nio-8044-exec-3] c.i.t.controller.ProjectController       : Get all Projects with count: 4
2019-08-29 00:15:36.545  INFO 29562 --- [http-nio-8044-exec-4] c.i.t.controller.ProjectController       : Get all Projects with count: 4
2019-08-29 00:15:40.001  INFO 29562 --- [http-nio-8044-exec-5] c.i.training.controller.UserController   : Get all Users with count: 5
2019-08-29 00:15:44.198  INFO 29562 --- [http-nio-8044-exec-6] c.i.training.controller.UserController   : Get all Users with count: 5
2019-08-29 00:15:47.764  INFO 29562 --- [http-nio-8044-exec-7] c.i.t.controller.ProjectController       : Get all Projects with count: 4
2019-08-29 00:15:50.440  INFO 29562 --- [http-nio-8044-exec-8] c.i.t.controller.ParentTaskController    : Get all Parent Tasks with count: 3
2019-08-29 00:15:52.372  INFO 29562 --- [http-nio-8044-exec-9] c.i.training.controller.UserController   : Get all Users with count: 5
2019-08-29 00:15:54.399  INFO 29562 --- [http-nio-8044-exec-10] c.i.training.controller.UserController   : Get all Users with count: 5
2019-08-29 00:15:56.428  INFO 29562 --- [http-nio-8044-exec-1] c.i.t.controller.ProjectController       : Get all Projects with count: 4
2019-08-29 00:15:57.251  INFO 29562 --- [http-nio-8044-exec-2] c.i.t.controller.ProjectController       : Get all Projects with count: 4
2019-08-29 00:19:06.703  INFO 29562 --- [http-nio-8044-exec-4] c.i.t.controller.ProjectController       : Get all Projects with count: 4
2019-08-29 00:19:09.331  INFO 29562 --- [http-nio-8044-exec-5] c.i.t.controller.ProjectController       : Get all Projects with count: 4
2019-08-29 00:19:10.329  INFO 29562 --- [http-nio-8044-exec-6] c.i.training.controller.UserController   : Get all Users with count: 5
2019-08-29 00:19:11.890  INFO 29562 --- [http-nio-8044-exec-7] c.i.training.controller.UserController   : Get all Users with count: 5
2019-08-29 00:19:27.820  INFO 29562 --- [http-nio-8044-exec-9] c.i.training.controller.UserController   : User added successfully with name: New User
2019-08-29 00:19:30.009  INFO 29562 --- [http-nio-8044-exec-10] c.i.training.controller.UserController   : Search User with Id: 7
2019-08-29 00:19:30.012  INFO 29562 --- [http-nio-8044-exec-10] c.i.training.controller.UserController   : User found with name: New User
2019-08-29 00:19:35.049  INFO 29562 --- [http-nio-8044-exec-2] c.i.training.controller.UserController   : User updated successfully with name: New User
2019-08-29 00:19:40.727  INFO 29562 --- [http-nio-8044-exec-3] c.i.t.controller.ProjectController       : Get all Projects with count: 4
2019-08-29 00:19:51.607  INFO 29562 --- [http-nio-8044-exec-4] c.i.training.controller.UserController   : Get all Users with count: 6
2019-08-29 00:19:53.377  INFO 29562 --- [http-nio-8044-exec-6] c.i.t.controller.ProjectController       : Project added successfully with name: Project Name 1
2019-08-29 00:19:57.297  INFO 29562 --- [http-nio-8044-exec-7] c.i.t.controller.ProjectController       : Search Project with Id: 6
2019-08-29 00:19:57.300  INFO 29562 --- [http-nio-8044-exec-7] c.i.t.controller.ProjectController       : Project found with Name: Project Name 1
2019-08-29 00:20:01.809  INFO 29562 --- [http-nio-8044-exec-8] c.i.t.controller.ProjectController       : Get all Projects with count: 5
2019-08-29 00:20:15.812  INFO 29562 --- [http-nio-8044-exec-10] c.i.t.controller.ParentTaskController    : Parent Task added successfully with name: parent for new project
2019-08-29 00:20:19.373  INFO 29562 --- [http-nio-8044-exec-1] c.i.t.controller.ProjectController       : Get all Projects with count: 5
2019-08-29 00:20:32.971  INFO 29562 --- [http-nio-8044-exec-2] c.i.training.controller.UserController   : Get all Users with count: 6
2019-08-29 00:20:36.248  INFO 29562 --- [http-nio-8044-exec-3] c.i.t.controller.ProjectController       : Get all Projects with count: 5
2019-08-29 00:20:45.857  INFO 29562 --- [http-nio-8044-exec-4] c.i.t.controller.ParentTaskController    : Get all Parent Tasks with count: 4
2019-08-29 00:20:54.301  INFO 29562 --- [http-nio-8044-exec-5] c.i.training.controller.UserController   : Get all Users with count: 6
2019-08-29 00:20:56.154  INFO 29562 --- [http-nio-8044-exec-7] c.i.training.controller.TaskController   : Task added successfully with name: child for new parent task
2019-08-29 00:20:59.429  INFO 29562 --- [http-nio-8044-exec-8] c.i.t.controller.ProjectController       : Get all Projects with count: 5
2019-08-29 00:21:00.721  INFO 29562 --- [http-nio-8044-exec-9] c.i.t.controller.ProjectController       : Get all Projects with count: 5
2019-08-29 00:21:05.456  INFO 29562 --- [http-nio-8044-exec-10] c.i.training.controller.TaskController   : Task added successfully with name: child for new parent task
2019-08-29 00:21:17.595  INFO 29562 --- [http-nio-8044-exec-1] c.i.training.controller.UserController   : Get all Users with count: 6
2019-08-29 00:21:27.849  INFO 29562 --- [http-nio-8044-exec-2] c.i.t.controller.ProjectController       : Get all Projects with count: 5
2019-08-29 00:21:29.927  INFO 29562 --- [http-nio-8044-exec-3] c.i.t.controller.ProjectController       : Get all Projects with count: 5
2019-08-29 00:21:30.882  INFO 29562 --- [http-nio-8044-exec-4] c.i.t.controller.ProjectController       : Get all Projects with count: 5
2019-08-29 00:21:32.758  INFO 29562 --- [http-nio-8044-exec-6] c.i.training.controller.TaskController   : Task updated successfully with name: Adding child for FSA
2019-08-29 00:21:42.649  INFO 29562 --- [RMI TCP Connection(6)-127.0.0.1] inMXBeanRegistrar$SpringApplicationAdmin : Application shutdown requested.
2019-08-29 00:21:42.651  INFO 29562 --- [RMI TCP Connection(6)-127.0.0.1] o.s.s.concurrent.ThreadPoolTaskExecutor  : Shutting down ExecutorService 'applicationTaskExecutor'
2019-08-29 00:21:42.652  INFO 29562 --- [RMI TCP Connection(6)-127.0.0.1] j.LocalContainerEntityManagerFactoryBean : Closing JPA EntityManagerFactory for persistence unit 'default'
2019-08-29 00:21:42.656  INFO 29562 --- [RMI TCP Connection(6)-127.0.0.1] com.zaxxer.hikari.HikariDataSource       : HikariPool-1 - Shutdown initiated...
2019-08-29 00:21:42.660  INFO 29562 --- [RMI TCP Connection(6)-127.0.0.1] com.zaxxer.hikari.HikariDataSource       : HikariPool-1 - Shutdown completed.
2019-08-29 17:40:01.623  INFO 773 --- [restartedMain] c.i.t.IihtTrainingFinalSbaApplication    : Starting IihtTrainingFinalSbaApplication on Ravis-MacBook-Pro.local with PID 773 (started by raviverma in /Users/raviverma/Documents/Ravi Verma/Training/IIHT/Projects/Assignments/IIHTTrainingFinalSBA)
2019-08-29 17:40:01.626  INFO 773 --- [restartedMain] c.i.t.IihtTrainingFinalSbaApplication    : No active profile set, falling back to default profiles: default
2019-08-29 17:40:01.670  INFO 773 --- [restartedMain] .e.DevToolsPropertyDefaultsPostProcessor : Devtools property defaults active! Set 'spring.devtools.add-properties' to 'false' to disable
2019-08-29 17:40:01.670  INFO 773 --- [restartedMain] .e.DevToolsPropertyDefaultsPostProcessor : For additional web related logging consider setting the 'logging.level.web' property to 'DEBUG'
2019-08-29 17:40:02.382  INFO 773 --- [restartedMain] .s.d.r.c.RepositoryConfigurationDelegate : Bootstrapping Spring Data repositories in DEFAULT mode.
2019-08-29 17:40:02.473  INFO 773 --- [restartedMain] .s.d.r.c.RepositoryConfigurationDelegate : Finished Spring Data repository scanning in 75ms. Found 4 repository interfaces.
2019-08-29 17:40:02.783  INFO 773 --- [restartedMain] trationDelegate$BeanPostProcessorChecker : Bean 'org.springframework.transaction.annotation.ProxyTransactionManagementConfiguration' of type [org.springframework.transaction.annotation.ProxyTransactionManagementConfiguration$$EnhancerBySpringCGLIB$$ff3c45b0] is not eligible for getting processed by all BeanPostProcessors (for example: not eligible for auto-proxying)
2019-08-29 17:40:03.077  INFO 773 --- [restartedMain] o.s.b.w.embedded.tomcat.TomcatWebServer  : Tomcat initialized with port(s): 8044 (http)
2019-08-29 17:40:03.103  INFO 773 --- [restartedMain] o.apache.catalina.core.StandardService   : Starting service [Tomcat]
2019-08-29 17:40:03.103  INFO 773 --- [restartedMain] org.apache.catalina.core.StandardEngine  : Starting Servlet engine: [Apache Tomcat/9.0.22]
2019-08-29 17:40:03.190  INFO 773 --- [restartedMain] o.a.c.c.C.[Tomcat].[localhost].[/]       : Initializing Spring embedded WebApplicationContext
2019-08-29 17:40:03.190  INFO 773 --- [restartedMain] o.s.web.context.ContextLoader            : Root WebApplicationContext: initialization completed in 1520 ms
2019-08-29 17:40:03.332  INFO 773 --- [restartedMain] com.zaxxer.hikari.HikariDataSource       : HikariPool-1 - Starting...
2019-08-29 17:40:03.463  INFO 773 --- [restartedMain] com.zaxxer.hikari.HikariDataSource       : HikariPool-1 - Start completed.
2019-08-29 17:40:03.509  INFO 773 --- [restartedMain] o.hibernate.jpa.internal.util.LogHelper  : HHH000204: Processing PersistenceUnitInfo [
	name: default
	...]
2019-08-29 17:40:03.591  INFO 773 --- [restartedMain] org.hibernate.Version                    : HHH000412: Hibernate Core {5.3.10.Final}
2019-08-29 17:40:03.593  INFO 773 --- [restartedMain] org.hibernate.cfg.Environment            : HHH000206: hibernate.properties not found
2019-08-29 17:40:03.747  INFO 773 --- [restartedMain] o.hibernate.annotations.common.Version   : HCANN000001: Hibernate Commons Annotations {5.0.4.Final}
2019-08-29 17:40:03.930  INFO 773 --- [restartedMain] org.hibernate.dialect.Dialect            : HHH000400: Using dialect: org.hibernate.dialect.MySQL5Dialect
2019-08-29 17:40:04.878  INFO 773 --- [restartedMain] j.LocalContainerEntityManagerFactoryBean : Initialized JPA EntityManagerFactory for persistence unit 'default'
2019-08-29 17:40:04.921  INFO 773 --- [restartedMain] o.s.b.d.a.OptionalLiveReloadServer       : LiveReload server is running on port 35729
2019-08-29 17:40:05.388  INFO 773 --- [restartedMain] o.s.s.concurrent.ThreadPoolTaskExecutor  : Initializing ExecutorService 'applicationTaskExecutor'
2019-08-29 17:40:05.431  WARN 773 --- [restartedMain] aWebConfiguration$JpaWebMvcConfiguration : spring.jpa.open-in-view is enabled by default. Therefore, database queries may be performed during view rendering. Explicitly configure spring.jpa.open-in-view to disable this warning
2019-08-29 17:40:05.633  INFO 773 --- [restartedMain] o.s.b.w.embedded.tomcat.TomcatWebServer  : Tomcat started on port(s): 8044 (http) with context path ''
2019-08-29 17:40:05.636  INFO 773 --- [restartedMain] c.i.t.IihtTrainingFinalSbaApplication    : Started IihtTrainingFinalSbaApplication in 4.306 seconds (JVM running for 4.923)
2019-08-29 17:40:40.707  INFO 773 --- [http-nio-8044-exec-1] o.a.c.c.C.[Tomcat].[localhost].[/]       : Initializing Spring DispatcherServlet 'dispatcherServlet'
2019-08-29 17:40:40.709  INFO 773 --- [http-nio-8044-exec-1] o.s.web.servlet.DispatcherServlet        : Initializing Servlet 'dispatcherServlet'
2019-08-29 17:40:40.717  INFO 773 --- [http-nio-8044-exec-1] o.s.web.servlet.DispatcherServlet        : Completed initialization in 8 ms
2019-08-29 17:40:40.795  INFO 773 --- [http-nio-8044-exec-1] o.h.h.i.QueryTranslatorFactoryInitiator  : HHH000397: Using ASTQueryTranslatorFactory
2019-08-29 17:40:40.911  INFO 773 --- [http-nio-8044-exec-1] c.i.t.controller.ProjectController       : Get all Projects with count: 5
2019-08-29 17:40:45.875  INFO 773 --- [http-nio-8044-exec-2] c.i.training.controller.UserController   : Get all Users with count: 6
2019-08-29 17:40:47.449  INFO 773 --- [http-nio-8044-exec-3] c.i.t.controller.ProjectController       : Get all Projects with count: 5
2019-08-29 17:40:48.459  INFO 773 --- [http-nio-8044-exec-4] c.i.t.controller.ProjectController       : Get all Projects with count: 5
2019-08-29 17:40:49.869  INFO 773 --- [http-nio-8044-exec-5] c.i.t.controller.ProjectController       : Get all Projects with count: 5
2019-08-29 17:40:51.772  INFO 773 --- [http-nio-8044-exec-6] c.i.t.controller.ProjectController       : Get all Projects with count: 5
2019-08-29 17:41:54.178  INFO 773 --- [http-nio-8044-exec-8] c.i.t.controller.ProjectController       : Get all Projects with count: 5
2019-08-29 17:43:45.011  INFO 773 --- [http-nio-8044-exec-10] c.i.t.controller.ProjectController       : Get all Projects with count: 5
2019-08-29 17:43:57.324  INFO 773 --- [http-nio-8044-exec-1] c.i.t.controller.ProjectController       : Get all Projects with count: 5
2019-08-29 17:44:10.649  INFO 773 --- [http-nio-8044-exec-2] c.i.t.controller.ProjectController       : Search Project with Id: 1
2019-08-29 17:44:10.652  INFO 773 --- [http-nio-8044-exec-2] c.i.t.controller.ProjectController       : Project found with Name: FSA work related changes in all screens.
2019-08-29 17:45:00.923  INFO 773 --- [http-nio-8044-exec-3] c.i.training.controller.UserController   : Get all Users with count: 6
2019-08-29 17:45:05.357  INFO 773 --- [http-nio-8044-exec-4] c.i.t.controller.ProjectController       : Get all Projects with count: 5
2019-08-29 17:45:10.933  INFO 773 --- [http-nio-8044-exec-5] c.i.t.controller.ProjectController       : Get all Projects with count: 5
2019-08-29 17:45:12.570  INFO 773 --- [http-nio-8044-exec-6] c.i.training.controller.UserController   : Get all Users with count: 6
2019-08-29 17:45:16.447  INFO 773 --- [http-nio-8044-exec-7] c.i.t.controller.ProjectController       : Get all Projects with count: 5
2019-08-29 17:45:21.582  INFO 773 --- [http-nio-8044-exec-8] c.i.t.controller.ParentTaskController    : Get all Parent Tasks with count: 4
2019-08-29 17:45:24.277  INFO 773 --- [http-nio-8044-exec-9] c.i.training.controller.UserController   : Get all Users with count: 6
2019-08-29 17:45:55.289  INFO 773 --- [http-nio-8044-exec-10] c.i.t.controller.ProjectController       : Get all Projects with count: 5
2019-08-29 17:46:06.726  INFO 773 --- [http-nio-8044-exec-1] c.i.training.controller.UserController   : Get all Users with count: 6
2019-08-29 17:46:09.724  INFO 773 --- [http-nio-8044-exec-2] c.i.t.controller.ProjectController       : Get all Projects with count: 5
2019-08-29 17:46:41.120  INFO 773 --- [http-nio-8044-exec-3] c.i.t.controller.ProjectController       : Get all Projects with count: 5
2019-08-29 17:46:43.088  INFO 773 --- [http-nio-8044-exec-4] c.i.t.controller.ProjectController       : Get all Projects with count: 5
2019-08-29 17:46:56.846  INFO 773 --- [http-nio-8044-exec-5] c.i.t.controller.ProjectController       : Get all Projects with count: 5
2019-08-29 17:46:57.840  INFO 773 --- [http-nio-8044-exec-6] c.i.t.controller.ProjectController       : Get all Projects with count: 5
2019-08-29 17:47:27.429  INFO 773 --- [http-nio-8044-exec-7] c.i.t.controller.ProjectController       : Get all Projects with count: 5
2019-08-29 17:47:37.070  INFO 773 --- [http-nio-8044-exec-8] c.i.training.controller.UserController   : Get all Users with count: 6
2019-08-29 17:47:39.656  INFO 773 --- [http-nio-8044-exec-9] c.i.t.controller.ProjectController       : Get all Projects with count: 5
2019-08-29 17:47:45.673  INFO 773 --- [http-nio-8044-exec-10] c.i.t.controller.ParentTaskController    : Get all Parent Tasks with count: 4
2019-08-29 17:47:48.601  INFO 773 --- [http-nio-8044-exec-1] c.i.training.controller.UserController   : Get all Users with count: 6
2019-08-29 17:47:55.939  INFO 773 --- [http-nio-8044-exec-2] c.i.training.controller.UserController   : Get all Users with count: 6
2019-08-29 17:47:58.101  INFO 773 --- [http-nio-8044-exec-3] c.i.t.controller.ProjectController       : Get all Projects with count: 5
2019-08-29 17:48:00.221  INFO 773 --- [http-nio-8044-exec-4] c.i.t.controller.ProjectController       : Get all Projects with count: 5
2019-08-29 17:48:12.109  INFO 773 --- [http-nio-8044-exec-5] c.i.t.controller.ProjectController       : Get all Projects with count: 5
2019-08-29 17:48:13.408  INFO 773 --- [http-nio-8044-exec-6] c.i.t.controller.ProjectController       : Get all Projects with count: 5
2019-08-29 17:48:15.339  INFO 773 --- [http-nio-8044-exec-7] c.i.t.controller.ProjectController       : Get all Projects with count: 5
2019-08-29 17:53:25.001  INFO 773 --- [http-nio-8044-exec-9] c.i.t.controller.ProjectController       : Get all Projects with count: 5
2019-08-29 17:53:47.958  INFO 773 --- [http-nio-8044-exec-10] c.i.t.controller.ProjectController       : Get all Projects with count: 5
2019-08-29 17:54:13.506  INFO 773 --- [http-nio-8044-exec-1] c.i.t.controller.ProjectController       : Get all Projects with count: 5
2019-08-29 17:54:23.877  INFO 773 --- [http-nio-8044-exec-2] c.i.t.controller.ProjectController       : Get all Projects with count: 5
2019-08-29 17:56:58.193  INFO 773 --- [http-nio-8044-exec-4] c.i.t.controller.ProjectController       : Get all Projects with count: 5
2019-08-29 18:07:42.628  WARN 773 --- [HikariPool-1 housekeeper] com.zaxxer.hikari.pool.HikariPool        : HikariPool-1 - Thread starvation or clock leap detected (housekeeper delta=10m38s962ms).
2019-08-29 18:09:42.082  WARN 773 --- [HikariPool-1 housekeeper] com.zaxxer.hikari.pool.HikariPool        : HikariPool-1 - Thread starvation or clock leap detected (housekeeper delta=1m59s455ms).
2019-08-29 18:10:05.621  INFO 773 --- [http-nio-8044-exec-6] c.i.t.controller.ProjectController       : Get all Projects with count: 5
2019-08-29 18:11:22.815  INFO 773 --- [http-nio-8044-exec-8] c.i.t.controller.ProjectController       : Get all Projects with count: 5
2019-08-29 18:11:48.697  INFO 773 --- [http-nio-8044-exec-9] c.i.t.controller.ProjectController       : Get all Projects with count: 5
2019-08-29 18:11:53.630  INFO 773 --- [http-nio-8044-exec-10] c.i.t.controller.ProjectController       : Get all Projects with count: 5
2019-08-29 18:12:40.207  INFO 773 --- [http-nio-8044-exec-1] c.i.t.controller.ProjectController       : Get all Projects with count: 5
2019-08-29 18:12:57.442  INFO 773 --- [http-nio-8044-exec-2] c.i.training.controller.UserController   : Get all Users with count: 6
2019-08-29 18:12:58.307  INFO 773 --- [http-nio-8044-exec-3] c.i.t.controller.ProjectController       : Get all Projects with count: 5
2019-08-29 18:13:41.388  INFO 773 --- [http-nio-8044-exec-4] c.i.t.controller.ProjectController       : Get all Projects with count: 5
2019-08-29 18:13:51.741  INFO 773 --- [http-nio-8044-exec-5] c.i.training.controller.UserController   : Get all Users with count: 6
2019-08-29 18:13:52.796  INFO 773 --- [http-nio-8044-exec-6] c.i.t.controller.ProjectController       : Get all Projects with count: 5
2019-08-29 18:14:11.470  INFO 773 --- [http-nio-8044-exec-7] c.i.t.controller.ProjectController       : Get all Projects with count: 5
2019-08-29 18:14:22.716  INFO 773 --- [http-nio-8044-exec-8] c.i.t.controller.ProjectController       : Get all Projects with count: 5
2019-08-29 18:14:38.653  INFO 773 --- [http-nio-8044-exec-9] c.i.t.controller.ProjectController       : Get all Projects with count: 5
2019-08-29 18:17:37.607  INFO 773 --- [http-nio-8044-exec-1] c.i.t.controller.ProjectController       : Get all Projects with count: 5
2019-08-29 18:36:30.290  WARN 773 --- [HikariPool-1 housekeeper] com.zaxxer.hikari.pool.HikariPool        : HikariPool-1 - Thread starvation or clock leap detected (housekeeper delta=18m48s135ms).
2019-08-29 18:37:14.660  INFO 773 --- [http-nio-8044-exec-3] c.i.t.controller.ProjectController       : Get all Projects with count: 5
2019-08-29 18:37:50.605  INFO 773 --- [http-nio-8044-exec-4] c.i.t.controller.ProjectController       : Get all Projects with count: 5
2019-08-29 18:38:59.481  INFO 773 --- [http-nio-8044-exec-6] c.i.t.controller.ProjectController       : Get all Projects with count: 5
2019-08-29 18:39:04.322  INFO 773 --- [http-nio-8044-exec-7] c.i.t.controller.ProjectController       : Get all Projects with count: 5
2019-08-29 18:39:15.917  INFO 773 --- [http-nio-8044-exec-8] c.i.t.controller.ProjectController       : Get all Projects with count: 5
2019-08-29 18:39:42.632  INFO 773 --- [http-nio-8044-exec-9] c.i.t.controller.ProjectController       : Get all Projects with count: 5
2019-08-29 18:40:16.653  INFO 773 --- [http-nio-8044-exec-10] c.i.t.controller.ProjectController       : Get all Projects with count: 5
2019-08-29 18:40:48.787  INFO 773 --- [http-nio-8044-exec-1] c.i.t.controller.ProjectController       : Get all Projects with count: 5
2019-08-29 18:41:15.284  INFO 773 --- [http-nio-8044-exec-2] c.i.training.controller.UserController   : Get all Users with count: 6
2019-08-29 18:41:15.988  INFO 773 --- [http-nio-8044-exec-3] c.i.t.controller.ProjectController       : Get all Projects with count: 5
2019-08-29 18:44:42.062  INFO 773 --- [http-nio-8044-exec-5] c.i.t.controller.ProjectController       : Get all Projects with count: 5
2019-08-29 18:44:48.191  INFO 773 --- [http-nio-8044-exec-6] c.i.t.controller.ProjectController       : Get all Projects with count: 5
2019-08-29 18:46:28.588  INFO 773 --- [http-nio-8044-exec-8] c.i.t.controller.ProjectController       : Get all Projects with count: 5
2019-08-29 18:47:43.286  INFO 773 --- [http-nio-8044-exec-10] c.i.t.controller.ProjectController       : Get all Projects with count: 5
2019-08-29 18:49:08.631  INFO 773 --- [http-nio-8044-exec-2] c.i.t.controller.ProjectController       : Get all Projects with count: 5
2019-08-29 18:49:15.855  INFO 773 --- [http-nio-8044-exec-3] c.i.training.controller.UserController   : Get all Users with count: 6
2019-08-29 18:49:16.528  INFO 773 --- [http-nio-8044-exec-4] c.i.t.controller.ProjectController       : Get all Projects with count: 5
2019-08-29 18:49:51.160  INFO 773 --- [http-nio-8044-exec-5] c.i.training.controller.UserController   : Get all Users with count: 6
2019-08-29 18:49:59.954  INFO 773 --- [http-nio-8044-exec-7] c.i.t.controller.ProjectController       : Project added successfully with name: test
2019-08-29 18:50:08.655  INFO 773 --- [http-nio-8044-exec-8] c.i.t.controller.ProjectController       : Search Project with Id: 7
2019-08-29 18:50:08.658  INFO 773 --- [http-nio-8044-exec-8] c.i.t.controller.ProjectController       : Project found with Name: test
2019-08-29 18:50:20.204  INFO 773 --- [http-nio-8044-exec-10] c.i.t.controller.ProjectController       : Project updated successfully with name: test
2019-08-29 18:50:35.777  INFO 773 --- [http-nio-8044-exec-1] c.i.training.controller.UserController   : Get all Users with count: 6
2019-08-29 18:50:36.456  INFO 773 --- [http-nio-8044-exec-2] c.i.t.controller.ProjectController       : Get all Projects with count: 6
2019-08-29 18:50:43.670  INFO 773 --- [http-nio-8044-exec-3] c.i.training.controller.UserController   : Get all Users with count: 6
2019-08-29 18:50:46.816  INFO 773 --- [http-nio-8044-exec-4] c.i.t.controller.ProjectController       : Project added successfully with name: Project Name 1
2019-08-29 18:51:09.047  INFO 773 --- [http-nio-8044-exec-5] c.i.t.controller.ProjectController       : Get all Projects with count: 7
2019-08-29 18:51:10.834  INFO 773 --- [http-nio-8044-exec-6] c.i.training.controller.UserController   : Get all Users with count: 6
2019-08-29 18:51:11.792  INFO 773 --- [http-nio-8044-exec-7] c.i.t.controller.ProjectController       : Get all Projects with count: 7
2019-08-29 18:51:21.679  INFO 773 --- [http-nio-8044-exec-8] c.i.training.controller.UserController   : Get all Users with count: 6
2019-08-29 18:51:23.932  INFO 773 --- [http-nio-8044-exec-9] c.i.t.controller.ProjectController       : Project added successfully with name: Project Name 1
2019-08-29 18:51:37.962  INFO 773 --- [http-nio-8044-exec-10] c.i.t.controller.ProjectController       : Search Project with Id: 1
2019-08-29 18:51:37.964  INFO 773 --- [http-nio-8044-exec-10] c.i.t.controller.ProjectController       : Project found with Name: FSA work related changes in all screens.
2019-08-29 18:51:56.924  INFO 773 --- [http-nio-8044-exec-1] c.i.t.controller.ProjectController       : Get all Projects with count: 8
2019-08-29 18:52:01.339  INFO 773 --- [http-nio-8044-exec-2] c.i.t.controller.ProjectController       : Search Project with Id: 1
2019-08-29 18:52:01.342  INFO 773 --- [http-nio-8044-exec-2] c.i.t.controller.ProjectController       : Project found with Name: FSA work related changes in all screens.
2019-08-29 18:52:08.595  INFO 773 --- [http-nio-8044-exec-3] c.i.training.controller.UserController   : Get all Users with count: 6
2019-08-29 18:52:09.349  INFO 773 --- [http-nio-8044-exec-4] c.i.t.controller.ProjectController       : Get all Projects with count: 8
2019-08-29 18:52:13.127  INFO 773 --- [http-nio-8044-exec-5] c.i.t.controller.ProjectController       : Search Project with Id: 1
2019-08-29 18:52:13.129  INFO 773 --- [http-nio-8044-exec-5] c.i.t.controller.ProjectController       : Project found with Name: FSA work related changes in all screens.
2019-08-29 18:52:27.208  INFO 773 --- [http-nio-8044-exec-6] c.i.t.controller.ProjectController       : Project updated successfully with name: FSA work related changes in all screens.
2019-08-29 18:53:24.961  INFO 773 --- [http-nio-8044-exec-8] c.i.t.controller.ProjectController       : Delete Project with Id: 9
2019-08-29 18:53:24.975  INFO 773 --- [http-nio-8044-exec-8] c.i.t.controller.ProjectController       : Project deleted successfully.
2019-08-29 18:53:26.197  INFO 773 --- [http-nio-8044-exec-10] c.i.t.controller.ProjectController       : Delete Project with Id: 8
2019-08-29 18:53:26.202  INFO 773 --- [http-nio-8044-exec-10] c.i.t.controller.ProjectController       : Project deleted successfully.
2019-08-29 18:53:26.893  INFO 773 --- [http-nio-8044-exec-2] c.i.t.controller.ProjectController       : Delete Project with Id: 7
2019-08-29 18:53:26.904  INFO 773 --- [http-nio-8044-exec-2] c.i.t.controller.ProjectController       : Project deleted successfully.
2019-08-29 18:58:41.681  INFO 773 --- [http-nio-8044-exec-4] c.i.training.controller.UserController   : Get all Users with count: 6
2019-08-29 18:58:58.719  INFO 773 --- [http-nio-8044-exec-5] c.i.training.controller.UserController   : Get all Users with count: 6
2019-08-29 19:00:08.971  INFO 773 --- [http-nio-8044-exec-7] c.i.training.controller.UserController   : Get all Users with count: 6
2019-08-29 19:00:13.987  INFO 773 --- [http-nio-8044-exec-8] c.i.training.controller.UserController   : Get all Users with count: 6
2019-08-29 19:01:26.226  INFO 773 --- [http-nio-8044-exec-10] c.i.training.controller.UserController   : Get all Users with count: 6
2019-08-29 19:02:27.182  INFO 773 --- [http-nio-8044-exec-2] c.i.training.controller.UserController   : Get all Users with count: 6
2019-08-29 19:02:38.638  INFO 773 --- [http-nio-8044-exec-3] c.i.training.controller.UserController   : Get all Users with count: 6
2019-08-29 19:02:43.739  INFO 773 --- [http-nio-8044-exec-4] c.i.training.controller.UserController   : Get all Users with count: 6
2019-08-29 19:02:44.434  INFO 773 --- [http-nio-8044-exec-5] c.i.t.controller.ProjectController       : Get all Projects with count: 5
2019-08-29 19:02:46.482  INFO 773 --- [http-nio-8044-exec-6] c.i.training.controller.UserController   : Get all Users with count: 6
2019-08-29 19:03:21.509  INFO 773 --- [http-nio-8044-exec-7] c.i.training.controller.UserController   : Get all Users with count: 6
2019-08-29 19:03:25.907  INFO 773 --- [http-nio-8044-exec-8] c.i.training.controller.UserController   : Get all Users with count: 6
2019-08-29 19:03:27.084  INFO 773 --- [http-nio-8044-exec-9] c.i.t.controller.ProjectController       : Get all Projects with count: 5
2019-08-29 19:03:37.432  INFO 773 --- [http-nio-8044-exec-10] c.i.training.controller.UserController   : Get all Users with count: 6
2019-08-29 19:03:38.584  INFO 773 --- [http-nio-8044-exec-1] c.i.t.controller.ProjectController       : Get all Projects with count: 5
2019-08-29 19:03:57.750  INFO 773 --- [http-nio-8044-exec-2] c.i.t.controller.ProjectController       : Get all Projects with count: 5
2019-08-29 19:04:02.569  INFO 773 --- [http-nio-8044-exec-3] c.i.training.controller.UserController   : Get all Users with count: 6
2019-08-29 19:04:45.611  INFO 773 --- [http-nio-8044-exec-4] c.i.training.controller.UserController   : Get all Users with count: 6
2019-08-29 19:04:46.423  INFO 773 --- [http-nio-8044-exec-5] c.i.t.controller.ProjectController       : Get all Projects with count: 5
2019-08-29 19:05:46.175  INFO 773 --- [http-nio-8044-exec-6] c.i.training.controller.UserController   : Get all Users with count: 6
2019-08-29 19:05:49.981  INFO 773 --- [http-nio-8044-exec-7] c.i.t.controller.ProjectController       : Get all Projects with count: 5
2019-08-29 19:05:51.024  INFO 773 --- [http-nio-8044-exec-8] c.i.t.controller.ProjectController       : Get all Projects with count: 5
2019-08-29 19:05:56.431  INFO 773 --- [http-nio-8044-exec-9] c.i.t.controller.ProjectController       : Get all Projects with count: 5
2019-08-29 19:05:59.480  INFO 773 --- [http-nio-8044-exec-10] c.i.t.controller.ProjectController       : Get all Projects with count: 5
2019-08-29 19:06:18.184  INFO 773 --- [http-nio-8044-exec-1] c.i.t.controller.ProjectController       : Get all Projects with count: 5
2019-08-29 19:06:20.972  INFO 773 --- [http-nio-8044-exec-2] c.i.t.controller.ParentTaskController    : Get all Parent Tasks with count: 4
2019-08-29 19:06:23.183  INFO 773 --- [http-nio-8044-exec-3] c.i.training.controller.UserController   : Get all Users with count: 6
2019-08-29 19:06:25.981  INFO 773 --- [http-nio-8044-exec-4] c.i.t.controller.ProjectController       : Get all Projects with count: 5
2019-08-29 19:10:44.688  INFO 773 --- [http-nio-8044-exec-6] c.i.t.controller.ProjectController       : Get all Projects with count: 5
2019-08-29 19:10:56.708  INFO 773 --- [http-nio-8044-exec-7] c.i.t.controller.ProjectController       : Get all Projects with count: 5
2019-08-29 19:11:33.343  INFO 773 --- [http-nio-8044-exec-8] c.i.t.controller.ProjectController       : Get all Projects with count: 5
2019-08-29 19:11:38.472  INFO 773 --- [http-nio-8044-exec-9] c.i.t.controller.ProjectController       : Get all Projects with count: 5
2019-08-29 19:11:42.123  INFO 773 --- [http-nio-8044-exec-10] c.i.t.controller.ProjectController       : Get all Projects with count: 5
2019-08-29 19:11:44.758  INFO 773 --- [http-nio-8044-exec-1] c.i.training.controller.UserController   : Get all Users with count: 6
2019-08-29 19:11:45.705  INFO 773 --- [http-nio-8044-exec-2] c.i.t.controller.ProjectController       : Get all Projects with count: 5
2019-08-29 19:12:11.607  INFO 773 --- [http-nio-8044-exec-3] c.i.t.controller.ProjectController       : Get all Projects with count: 5
2019-08-29 19:12:16.268  INFO 773 --- [http-nio-8044-exec-4] c.i.t.controller.ProjectController       : Get all Projects with count: 5
2019-08-29 19:13:23.027  INFO 773 --- [http-nio-8044-exec-6] c.i.t.controller.ProjectController       : Get all Projects with count: 5
2019-08-29 19:13:26.248  INFO 773 --- [http-nio-8044-exec-7] c.i.t.controller.ProjectController       : Get all Projects with count: 5
2019-08-29 19:13:33.052  INFO 773 --- [http-nio-8044-exec-8] c.i.t.controller.ProjectController       : Get all Projects with count: 5
2019-08-29 19:15:38.040  INFO 773 --- [http-nio-8044-exec-10] c.i.t.controller.ProjectController       : Get all Projects with count: 5
2019-08-29 19:15:48.956  INFO 773 --- [http-nio-8044-exec-1] c.i.t.controller.ProjectController       : Get all Projects with count: 5
2019-08-29 19:16:32.468  INFO 773 --- [http-nio-8044-exec-2] c.i.t.controller.ProjectController       : Get all Projects with count: 5
2019-08-29 19:16:37.834  INFO 773 --- [http-nio-8044-exec-3] c.i.t.controller.ProjectController       : Get all Projects with count: 5
2019-08-29 19:17:23.443  INFO 773 --- [http-nio-8044-exec-4] c.i.t.controller.ProjectController       : Get all Projects with count: 5
2019-08-29 19:18:02.009  INFO 773 --- [http-nio-8044-exec-6] c.i.t.controller.ProjectController       : Delete Project with Id: 6
2019-08-29 19:18:02.023  INFO 773 --- [http-nio-8044-exec-6] c.i.t.controller.ProjectController       : Project deleted successfully.
2019-08-29 19:18:23.410  INFO 773 --- [http-nio-8044-exec-7] c.i.t.controller.ProjectController       : Get all Projects with count: 4
2019-08-29 19:18:26.224  INFO 773 --- [http-nio-8044-exec-8] c.i.t.controller.ProjectController       : Get all Projects with count: 4
2019-08-29 19:18:35.996  INFO 773 --- [http-nio-8044-exec-9] c.i.training.controller.UserController   : Get all Users with count: 6
2019-08-29 19:18:40.595  INFO 773 --- [http-nio-8044-exec-10] c.i.t.controller.ProjectController       : Project added successfully with name: Test Project
2019-08-29 19:18:51.045  INFO 773 --- [http-nio-8044-exec-1] c.i.t.controller.ProjectController       : Search Project with Id: 10
2019-08-29 19:18:51.048  INFO 773 --- [http-nio-8044-exec-1] c.i.t.controller.ProjectController       : Project found with Name: Test Project
2019-08-29 19:18:54.158  INFO 773 --- [http-nio-8044-exec-3] c.i.t.controller.ProjectController       : Delete Project with Id: 10
2019-08-29 19:18:54.169  INFO 773 --- [http-nio-8044-exec-3] c.i.t.controller.ProjectController       : Project deleted successfully.
2019-08-29 19:19:02.442  INFO 773 --- [http-nio-8044-exec-4] c.i.t.controller.ProjectController       : Get all Projects with count: 4
2019-08-29 19:20:40.382  INFO 773 --- [http-nio-8044-exec-6] c.i.t.controller.ProjectController       : Get all Projects with count: 4
2019-08-29 19:21:47.810  INFO 773 --- [http-nio-8044-exec-8] c.i.t.controller.ProjectController       : Get all Projects with count: 4
2019-08-29 19:21:55.923  INFO 773 --- [http-nio-8044-exec-9] c.i.t.controller.ProjectController       : Get all Projects with count: 4
2019-08-29 19:22:01.238  INFO 773 --- [http-nio-8044-exec-10] c.i.t.controller.ProjectController       : Get all Projects with count: 4
2019-08-29 19:24:10.882  INFO 773 --- [http-nio-8044-exec-2] c.i.t.controller.ProjectController       : Get all Projects with count: 4
2019-08-29 19:25:13.695  INFO 773 --- [http-nio-8044-exec-4] c.i.t.controller.ProjectController       : Get all Projects with count: 4
2019-08-29 19:25:17.111  INFO 773 --- [http-nio-8044-exec-5] c.i.t.controller.ProjectController       : Get all Projects with count: 4
2019-08-29 19:25:36.940  INFO 773 --- [http-nio-8044-exec-6] c.i.t.controller.ProjectController       : Get all Projects with count: 4
2019-08-29 19:28:20.640  INFO 773 --- [http-nio-8044-exec-8] c.i.t.controller.ProjectController       : Get all Projects with count: 4
2019-08-29 19:30:48.697  INFO 773 --- [http-nio-8044-exec-10] c.i.t.controller.ProjectController       : Get all Projects with count: 4
2019-08-29 19:30:57.675  INFO 773 --- [http-nio-8044-exec-1] c.i.t.controller.ProjectController       : Get all Projects with count: 4
2019-08-29 19:31:53.833  INFO 773 --- [http-nio-8044-exec-2] c.i.t.controller.ProjectController       : Get all Projects with count: 4
2019-08-29 19:32:52.274  INFO 773 --- [http-nio-8044-exec-3] c.i.t.controller.ProjectController       : Get all Projects with count: 4
2019-08-29 19:33:54.415  INFO 773 --- [http-nio-8044-exec-5] c.i.t.controller.ProjectController       : Get all Projects with count: 4
2019-08-29 19:34:02.798  INFO 773 --- [http-nio-8044-exec-6] c.i.t.controller.ProjectController       : Get all Projects with count: 4
2019-08-29 19:35:18.009  INFO 773 --- [http-nio-8044-exec-8] c.i.t.controller.ProjectController       : Get all Projects with count: 4
2019-08-29 19:36:25.766  INFO 773 --- [http-nio-8044-exec-10] c.i.t.controller.ProjectController       : Get all Projects with count: 4
2019-08-29 19:38:19.512  INFO 773 --- [http-nio-8044-exec-2] c.i.training.controller.UserController   : Get all Users with count: 6
2019-08-29 19:40:33.994  INFO 773 --- [http-nio-8044-exec-4] c.i.t.controller.ProjectController       : Get all Projects with count: 4
2019-08-29 19:43:55.042  INFO 773 --- [http-nio-8044-exec-6] c.i.t.controller.ProjectController       : Get all Projects with count: 4
2019-08-29 19:43:58.486  INFO 773 --- [http-nio-8044-exec-7] c.i.t.controller.ProjectController       : Get all Projects with count: 4
2019-08-29 19:45:56.207  INFO 773 --- [http-nio-8044-exec-9] c.i.t.controller.ProjectController       : Get all Projects with count: 4
2019-08-29 19:45:59.916  INFO 773 --- [http-nio-8044-exec-10] c.i.training.controller.UserController   : Get all Users with count: 6
2019-08-29 19:46:00.704  INFO 773 --- [http-nio-8044-exec-1] c.i.t.controller.ProjectController       : Get all Projects with count: 4
2019-08-29 19:47:01.558  INFO 773 --- [http-nio-8044-exec-3] c.i.t.controller.ProjectController       : Get all Projects with count: 4
2019-08-29 19:47:42.881  INFO 773 --- [http-nio-8044-exec-4] c.i.t.controller.ProjectController       : Get all Projects with count: 4
2019-08-29 19:47:57.438  INFO 773 --- [http-nio-8044-exec-5] c.i.t.controller.ProjectController       : Get all Projects with count: 4
2019-08-29 19:48:21.004  INFO 773 --- [http-nio-8044-exec-6] c.i.t.controller.ProjectController       : Get all Projects with count: 4
2019-08-29 19:48:23.753  INFO 773 --- [http-nio-8044-exec-7] c.i.t.controller.ProjectController       : Get all Projects with count: 4
2019-08-29 19:49:20.603  INFO 773 --- [http-nio-8044-exec-8] c.i.t.controller.ProjectController       : Get all Projects with count: 4
2019-08-29 19:49:22.614  INFO 773 --- [http-nio-8044-exec-9] c.i.t.controller.ProjectController       : Get all Projects with count: 4
2019-08-29 19:50:29.760  INFO 773 --- [http-nio-8044-exec-1] c.i.t.controller.ProjectController       : Get all Projects with count: 4
2019-08-29 19:50:47.688  INFO 773 --- [http-nio-8044-exec-2] c.i.t.controller.ProjectController       : Get all Projects with count: 4
2019-08-29 19:51:19.569  INFO 773 --- [http-nio-8044-exec-3] c.i.t.controller.ProjectController       : Get all Projects with count: 4
2019-08-29 19:51:33.485  INFO 773 --- [http-nio-8044-exec-4] c.i.t.controller.ProjectController       : Get all Projects with count: 4
2019-08-29 19:52:44.112  INFO 773 --- [http-nio-8044-exec-6] c.i.t.controller.ProjectController       : Get all Projects with count: 4
2019-08-29 19:52:47.567  INFO 773 --- [http-nio-8044-exec-7] c.i.t.controller.ProjectController       : Get all Projects with count: 4
2019-08-29 19:53:14.248  INFO 773 --- [http-nio-8044-exec-8] c.i.t.controller.ProjectController       : Get all Projects with count: 4
2019-08-29 19:54:14.601  INFO 773 --- [http-nio-8044-exec-10] c.i.t.controller.ProjectController       : Get all Projects with count: 4
2019-08-29 19:55:54.538  INFO 773 --- [http-nio-8044-exec-2] c.i.t.controller.ProjectController       : Get all Projects with count: 4
2019-08-29 19:56:02.565  INFO 773 --- [http-nio-8044-exec-3] c.i.t.controller.ProjectController       : Get all Projects with count: 4
2019-08-29 19:56:04.827  INFO 773 --- [http-nio-8044-exec-4] c.i.t.controller.ProjectController       : Get all Projects with count: 4
2019-08-29 19:57:08.293  INFO 773 --- [http-nio-8044-exec-6] c.i.t.controller.ProjectController       : Get all Projects with count: 4
2019-08-29 19:57:10.237  INFO 773 --- [http-nio-8044-exec-7] c.i.training.controller.UserController   : Get all Users with count: 6
2019-08-29 19:57:11.116  INFO 773 --- [http-nio-8044-exec-8] c.i.t.controller.ProjectController       : Get all Projects with count: 4
2019-08-29 19:57:40.627  INFO 773 --- [http-nio-8044-exec-9] c.i.t.controller.ProjectController       : Get all Projects with count: 4
2019-08-29 19:57:45.614  INFO 773 --- [http-nio-8044-exec-10] c.i.t.controller.ProjectController       : Get all Projects with count: 4
2019-08-29 19:57:48.446  INFO 773 --- [http-nio-8044-exec-1] c.i.t.controller.ProjectController       : Get all Projects with count: 4
2019-08-29 19:57:55.443  INFO 773 --- [http-nio-8044-exec-2] c.i.training.controller.UserController   : Get all Users with count: 6
2019-08-29 19:59:28.419  INFO 773 --- [http-nio-8044-exec-5] c.i.t.controller.ProjectController       : Project added successfully with name: Test Project
2019-08-29 20:00:03.882  INFO 773 --- [http-nio-8044-exec-7] c.i.t.controller.ProjectController       : Delete Project with Id: 11
2019-08-29 20:00:03.892  INFO 773 --- [http-nio-8044-exec-7] c.i.t.controller.ProjectController       : Project deleted successfully.
2019-08-29 20:00:13.844  INFO 773 --- [http-nio-8044-exec-8] c.i.training.controller.UserController   : Get all Users with count: 6
2019-08-29 20:00:18.013  INFO 773 --- [http-nio-8044-exec-9] c.i.training.controller.UserController   : Get all Users with count: 6
2019-08-29 20:00:37.584  INFO 773 --- [http-nio-8044-exec-10] c.i.t.controller.ProjectController       : Project added successfully with name: Test Project
2019-08-29 20:00:42.233  INFO 773 --- [http-nio-8044-exec-1] c.i.t.controller.ProjectController       : Search Project with Id: 12
2019-08-29 20:00:42.235  INFO 773 --- [http-nio-8044-exec-1] c.i.t.controller.ProjectController       : Project found with Name: Test Project
2019-08-29 20:00:53.088  INFO 773 --- [http-nio-8044-exec-3] c.i.t.controller.ProjectController       : Project updated successfully with name: Test Project
2019-08-29 20:00:56.537  INFO 773 --- [http-nio-8044-exec-4] c.i.t.controller.ProjectController       : Search Project with Id: 12
2019-08-29 20:00:56.539  INFO 773 --- [http-nio-8044-exec-4] c.i.t.controller.ProjectController       : Project found with Name: Test Project
2019-08-29 20:02:09.803  INFO 773 --- [http-nio-8044-exec-6] c.i.t.controller.ProjectController       : Get all Projects with count: 5
2019-08-29 20:02:13.413  INFO 773 --- [http-nio-8044-exec-7] c.i.t.controller.ProjectController       : Get all Projects with count: 5
2019-08-29 20:02:16.606  INFO 773 --- [http-nio-8044-exec-8] c.i.t.controller.ProjectController       : Search Project with Id: 12
2019-08-29 20:02:16.608  INFO 773 --- [http-nio-8044-exec-8] c.i.t.controller.ProjectController       : Project found with Name: Test Project
2019-08-29 20:02:42.203  INFO 773 --- [http-nio-8044-exec-9] c.i.t.controller.ProjectController       : Search Project with Id: 12
2019-08-29 20:02:42.205  INFO 773 --- [http-nio-8044-exec-9] c.i.t.controller.ProjectController       : Project found with Name: Test Project
2019-08-29 20:03:08.764  INFO 773 --- [http-nio-8044-exec-10] c.i.t.controller.ProjectController       : Search Project with Id: 12
2019-08-29 20:03:08.767  INFO 773 --- [http-nio-8044-exec-10] c.i.t.controller.ProjectController       : Project found with Name: Test Project
2019-08-29 20:03:54.514  INFO 773 --- [http-nio-8044-exec-1] c.i.t.controller.ProjectController       : Project updated successfully with name: Test Project
2019-08-29 20:03:59.460  INFO 773 --- [http-nio-8044-exec-2] c.i.t.controller.ProjectController       : Search Project with Id: 12
2019-08-29 20:03:59.463  INFO 773 --- [http-nio-8044-exec-2] c.i.t.controller.ProjectController       : Project found with Name: Test Project
2019-08-29 20:04:33.368  INFO 773 --- [http-nio-8044-exec-3] c.i.t.controller.ProjectController       : Project updated successfully with name: Test Project
2019-08-29 20:05:10.322  INFO 773 --- [http-nio-8044-exec-4] c.i.training.controller.UserController   : Get all Users with count: 6
2019-08-29 20:06:42.460  INFO 773 --- [http-nio-8044-exec-6] c.i.t.controller.ProjectController       : Get all Projects with count: 5
2019-08-29 20:09:02.205  INFO 773 --- [http-nio-8044-exec-8] c.i.training.controller.UserController   : Get all Users with count: 6
2019-08-29 20:09:03.934  INFO 773 --- [http-nio-8044-exec-9] c.i.training.controller.UserController   : Get all Users with count: 6
2019-08-29 20:12:42.661  INFO 773 --- [http-nio-8044-exec-1] c.i.training.controller.UserController   : Get all Users with count: 6
2019-08-29 20:13:33.918  INFO 773 --- [http-nio-8044-exec-2] c.i.training.controller.UserController   : Get all Users with count: 6
2019-08-29 20:13:35.886  INFO 773 --- [http-nio-8044-exec-3] c.i.training.controller.UserController   : Get all Users with count: 6
2019-08-29 20:13:38.649  INFO 773 --- [http-nio-8044-exec-4] c.i.training.controller.UserController   : Get all Users with count: 6
2019-08-29 20:13:40.659  INFO 773 --- [http-nio-8044-exec-5] c.i.training.controller.UserController   : Get all Users with count: 6
2019-08-29 20:14:29.124  INFO 773 --- [http-nio-8044-exec-6] c.i.training.controller.UserController   : Get all Users with count: 6
2019-08-29 20:14:39.215  INFO 773 --- [http-nio-8044-exec-7] c.i.training.controller.UserController   : Get all Users with count: 6
2019-08-29 20:15:59.373  INFO 773 --- [http-nio-8044-exec-9] c.i.training.controller.UserController   : Get all Users with count: 6
2019-08-29 20:16:08.284  INFO 773 --- [http-nio-8044-exec-10] c.i.training.controller.UserController   : Get all Users with count: 6
2019-08-29 20:16:28.471  INFO 773 --- [http-nio-8044-exec-1] c.i.training.controller.UserController   : Get all Users with count: 6
2019-08-29 20:16:37.030  INFO 773 --- [http-nio-8044-exec-2] c.i.t.controller.ProjectController       : Get all Projects with count: 5
2019-08-29 20:16:37.986  INFO 773 --- [http-nio-8044-exec-3] c.i.t.controller.ProjectController       : Get all Projects with count: 5
2019-08-29 20:16:39.377  INFO 773 --- [http-nio-8044-exec-4] c.i.t.controller.ProjectController       : Get all Projects with count: 5
2019-08-29 20:16:39.994  INFO 773 --- [http-nio-8044-exec-5] c.i.t.controller.ProjectController       : Get all Projects with count: 5
2019-08-29 20:16:41.014  INFO 773 --- [http-nio-8044-exec-6] c.i.t.controller.ProjectController       : Get all Projects with count: 5
2019-08-29 20:16:41.841  INFO 773 --- [http-nio-8044-exec-7] c.i.t.controller.ProjectController       : Get all Projects with count: 5
2019-08-29 20:17:28.573  INFO 773 --- [http-nio-8044-exec-8] c.i.training.controller.UserController   : Get all Users with count: 6
2019-08-29 20:17:29.299  INFO 773 --- [http-nio-8044-exec-9] c.i.t.controller.ProjectController       : Get all Projects with count: 5
2019-08-29 20:17:50.218  INFO 773 --- [http-nio-8044-exec-10] c.i.training.controller.UserController   : Get all Users with count: 6
2019-08-29 20:18:05.785  INFO 773 --- [http-nio-8044-exec-1] c.i.training.controller.UserController   : Get all Users with count: 6
2019-08-29 20:18:09.280  INFO 773 --- [http-nio-8044-exec-2] c.i.t.controller.ProjectController       : Get all Projects with count: 5
2019-08-29 20:18:39.027  INFO 773 --- [http-nio-8044-exec-4] c.i.t.controller.ParentTaskController    : Parent Task added successfully with name: Adding parent task for FSA project
2019-08-29 20:18:52.262  INFO 773 --- [http-nio-8044-exec-5] c.i.training.controller.UserController   : Get all Users with count: 6
2019-08-29 20:20:43.309  INFO 773 --- [http-nio-8044-exec-7] c.i.t.controller.ProjectController       : Get all Projects with count: 5
2019-08-29 20:20:52.294  INFO 773 --- [http-nio-8044-exec-8] c.i.t.controller.ParentTaskController    : Parent Task added successfully with name: adding parent for fsa
2019-08-29 20:21:00.879  INFO 773 --- [http-nio-8044-exec-9] c.i.t.controller.ProjectController       : Get all Projects with count: 5
2019-08-29 20:21:12.457  INFO 773 --- [http-nio-8044-exec-10] c.i.t.controller.ParentTaskController    : Get all Parent Tasks with count: 5
2019-08-29 20:21:32.607  INFO 773 --- [http-nio-8044-exec-1] c.i.t.controller.ProjectController       : Get all Projects with count: 5
2019-08-29 20:21:38.037  INFO 773 --- [http-nio-8044-exec-2] c.i.t.controller.ParentTaskController    : Get all Parent Tasks with count: 5
2019-08-29 20:22:19.579  INFO 773 --- [http-nio-8044-exec-3] c.i.training.controller.UserController   : Get all Users with count: 6
2019-08-29 20:22:22.224  INFO 773 --- [http-nio-8044-exec-4] c.i.t.controller.ProjectController       : Get all Projects with count: 5
2019-08-29 20:22:27.238  INFO 773 --- [http-nio-8044-exec-5] c.i.t.controller.ParentTaskController    : Parent Task added successfully with name: sdfsdf
2019-08-29 20:22:34.703  INFO 773 --- [http-nio-8044-exec-6] c.i.training.controller.UserController   : Get all Users with count: 6
2019-08-29 20:22:36.340  INFO 773 --- [http-nio-8044-exec-7] c.i.t.controller.ProjectController       : Get all Projects with count: 5
2019-08-29 20:22:46.355  INFO 773 --- [http-nio-8044-exec-8] c.i.t.controller.ParentTaskController    : Get all Parent Tasks with count: 6
2019-08-29 20:22:52.412  INFO 773 --- [http-nio-8044-exec-9] c.i.training.controller.UserController   : Get all Users with count: 6
2019-08-29 20:23:10.196  INFO 773 --- [http-nio-8044-exec-1] c.i.training.controller.TaskController   : Task added successfully with name: adding child task
2019-08-29 20:23:25.314  INFO 773 --- [http-nio-8044-exec-2] c.i.training.controller.UserController   : Get all Users with count: 6
2019-08-29 20:23:29.155  INFO 773 --- [http-nio-8044-exec-3] c.i.t.controller.ProjectController       : Get all Projects with count: 5
2019-08-29 20:23:54.441  INFO 773 --- [http-nio-8044-exec-4] c.i.t.controller.ProjectController       : Get all Projects with count: 5
2019-08-29 20:23:56.868  INFO 773 --- [http-nio-8044-exec-5] c.i.t.controller.ProjectController       : Search Project with Id: 1
2019-08-29 20:23:56.870  INFO 773 --- [http-nio-8044-exec-5] c.i.t.controller.ProjectController       : Project found with Name: FSA work related changes in all screens.
2019-08-29 20:25:06.362  INFO 773 --- [http-nio-8044-exec-7] c.i.training.controller.UserController   : Get all Users with count: 6
2019-08-29 20:25:19.564  INFO 773 --- [http-nio-8044-exec-8] c.i.t.controller.ProjectController       : Get all Projects with count: 5
2019-08-29 20:25:43.932  INFO 773 --- [http-nio-8044-exec-9] c.i.training.controller.UserController   : Get all Users with count: 6
2019-08-29 20:30:38.124  INFO 773 --- [http-nio-8044-exec-1] c.i.training.controller.UserController   : Get all Users with count: 6
2019-08-29 20:30:39.704  INFO 773 --- [http-nio-8044-exec-2] c.i.t.controller.ProjectController       : Get all Projects with count: 5
2019-08-29 20:30:42.434  INFO 773 --- [http-nio-8044-exec-3] c.i.t.controller.ProjectController       : Get all Projects with count: 5
2019-08-29 20:30:43.400  INFO 773 --- [http-nio-8044-exec-4] c.i.t.controller.ProjectController       : Get all Projects with count: 5
2019-08-29 20:30:45.541  INFO 773 --- [http-nio-8044-exec-5] c.i.t.controller.ProjectController       : Get all Projects with count: 5
2019-08-29 20:30:46.426  INFO 773 --- [http-nio-8044-exec-6] c.i.t.controller.ProjectController       : Get all Projects with count: 5
2019-08-29 20:34:20.817  INFO 773 --- [http-nio-8044-exec-8] c.i.t.controller.ProjectController       : Get all Projects with count: 5
2019-08-29 20:34:22.769  INFO 773 --- [http-nio-8044-exec-9] c.i.training.controller.UserController   : Get all Users with count: 6
2019-08-29 20:34:24.861  INFO 773 --- [http-nio-8044-exec-10] c.i.training.controller.UserController   : Get all Users with count: 6
2019-08-29 20:34:25.808  INFO 773 --- [http-nio-8044-exec-1] c.i.t.controller.ProjectController       : Get all Projects with count: 5
2019-08-29 20:53:36.394  WARN 773 --- [HikariPool-1 housekeeper] com.zaxxer.hikari.pool.HikariPool        : HikariPool-1 - Thread starvation or clock leap detected (housekeeper delta=18m34s886ms).
2019-08-29 20:55:08.542  INFO 773 --- [http-nio-8044-exec-3] c.i.t.controller.ProjectController       : Get all Projects with count: 5
2019-08-29 20:55:14.534  INFO 773 --- [http-nio-8044-exec-5] c.i.t.controller.ProjectController       : Delete Project with Id: 12
2019-08-29 20:55:14.539  INFO 773 --- [http-nio-8044-exec-5] c.i.t.controller.ProjectController       : Project deleted successfully.
2019-08-29 20:55:23.764  INFO 773 --- [http-nio-8044-exec-6] c.i.training.controller.UserController   : Get all Users with count: 6
2019-08-29 20:55:25.844  INFO 773 --- [http-nio-8044-exec-7] c.i.t.controller.ProjectController       : Get all Projects with count: 4
2019-08-29 20:55:48.131  INFO 773 --- [http-nio-8044-exec-8] c.i.training.controller.UserController   : Get all Users with count: 6
2019-08-29 20:55:50.807  INFO 773 --- [http-nio-8044-exec-10] c.i.training.controller.UserController   : Delete User with Id: 7
2019-08-29 20:55:50.815  INFO 773 --- [http-nio-8044-exec-10] c.i.training.controller.UserController   : User deleted successfully.
2019-08-29 20:56:09.425  INFO 773 --- [http-nio-8044-exec-2] c.i.training.controller.UserController   : User added successfully with name: Soni Mishra
2019-08-29 20:56:23.247  INFO 773 --- [http-nio-8044-exec-3] c.i.training.controller.UserController   : Get all Users with count: 6
2019-08-29 20:56:26.370  INFO 773 --- [http-nio-8044-exec-4] c.i.training.controller.UserController   : Search User with Id: 8
2019-08-29 20:56:26.372  INFO 773 --- [http-nio-8044-exec-4] c.i.training.controller.UserController   : User found with name: Soni Mishra
2019-08-29 20:56:29.377  INFO 773 --- [http-nio-8044-exec-6] c.i.training.controller.UserController   : User updated successfully with name: Soni Mishra
2019-08-29 20:56:34.829  INFO 773 --- [http-nio-8044-exec-7] c.i.training.controller.UserController   : Get all Users with count: 6
2019-08-29 20:56:42.569  INFO 773 --- [http-nio-8044-exec-9] c.i.training.controller.UserController   : Delete User with Id: 4
2019-08-29 20:56:42.578  INFO 773 --- [http-nio-8044-exec-9] c.i.training.controller.UserController   : User deleted successfully.
2019-08-29 20:57:02.292  INFO 773 --- [http-nio-8044-exec-10] c.i.t.controller.ProjectController       : Get all Projects with count: 3
2019-08-29 20:57:06.124  INFO 773 --- [http-nio-8044-exec-1] c.i.training.controller.UserController   : Get all Users with count: 5
2019-08-29 20:57:08.176  INFO 773 --- [http-nio-8044-exec-2] c.i.t.controller.ProjectController       : Get all Projects with count: 3
2019-08-29 20:57:41.088  INFO 773 --- [http-nio-8044-exec-3] c.i.training.controller.UserController   : Get all Users with count: 5
2019-08-29 20:57:45.592  INFO 773 --- [http-nio-8044-exec-4] c.i.t.controller.ProjectController       : Project added successfully with name: Front End helpdesk for Phone 24
2019-08-29 20:58:26.837  INFO 773 --- [http-nio-8044-exec-5] c.i.t.controller.ProjectController       : Search Project with Id: 1
2019-08-29 20:58:26.839  INFO 773 --- [http-nio-8044-exec-5] c.i.t.controller.ProjectController       : Project found with Name: FSA work related changes in all screens.
2019-08-29 20:58:43.996  INFO 773 --- [http-nio-8044-exec-6] c.i.t.controller.ProjectController       : Project updated successfully with name: FSA work related changes in all screens.
2019-08-29 20:58:55.114  INFO 773 --- [http-nio-8044-exec-7] c.i.t.controller.ProjectController       : Search Project with Id: 13
2019-08-29 20:58:55.116  INFO 773 --- [http-nio-8044-exec-7] c.i.t.controller.ProjectController       : Project found with Name: Front End helpdesk for Phone 24
2019-08-29 20:59:02.854  INFO 773 --- [http-nio-8044-exec-8] c.i.t.controller.ProjectController       : Project updated successfully with name: Front End helpdesk for Phone 24
2019-08-29 20:59:31.373  INFO 773 --- [http-nio-8044-exec-9] c.i.t.controller.ProjectController       : Get all Projects with count: 4
2019-08-29 20:59:35.738  INFO 773 --- [http-nio-8044-exec-10] c.i.t.controller.ProjectController       : Get all Projects with count: 4
2019-08-29 20:59:37.454  INFO 773 --- [http-nio-8044-exec-1] c.i.training.controller.UserController   : Get all Users with count: 5
2019-08-29 20:59:42.074  INFO 773 --- [http-nio-8044-exec-2] c.i.training.controller.UserController   : Get all Users with count: 5
2019-08-29 20:59:49.763  INFO 773 --- [http-nio-8044-exec-3] c.i.training.controller.UserController   : Get all Users with count: 5
2019-08-29 20:59:54.034  INFO 773 --- [http-nio-8044-exec-4] c.i.training.controller.UserController   : Get all Users with count: 5
2019-08-29 21:00:00.274  INFO 773 --- [http-nio-8044-exec-5] c.i.t.controller.ProjectController       : Get all Projects with count: 4
2019-08-29 21:00:14.984  INFO 773 --- [http-nio-8044-exec-6] c.i.t.controller.ParentTaskController    : Parent Task added successfully with name: Front End for Phone 24
2019-08-29 21:00:21.311  INFO 773 --- [http-nio-8044-exec-7] c.i.t.controller.ProjectController       : Get all Projects with count: 4
2019-08-29 21:00:44.503  INFO 773 --- [http-nio-8044-exec-8] c.i.t.controller.ParentTaskController    : Get all Parent Tasks with count: 6
2019-08-29 21:00:49.841  INFO 773 --- [http-nio-8044-exec-9] c.i.t.controller.ParentTaskController    : Get all Parent Tasks with count: 6
2019-08-29 21:01:09.046  INFO 773 --- [http-nio-8044-exec-10] c.i.training.controller.UserController   : Get all Users with count: 5
2019-08-29 21:01:11.843  INFO 773 --- [http-nio-8044-exec-1] c.i.training.controller.TaskController   : Task added successfully with name: Front end task for Application Status Inquiry
2019-08-29 21:01:19.262  INFO 773 --- [http-nio-8044-exec-2] c.i.t.controller.ProjectController       : Get all Projects with count: 4
2019-08-29 21:01:22.021  INFO 773 --- [http-nio-8044-exec-3] c.i.t.controller.ProjectController       : Get all Projects with count: 4
2019-08-29 21:01:33.053  INFO 773 --- [http-nio-8044-exec-4] c.i.t.controller.ProjectController       : Get all Projects with count: 4
2019-08-29 21:01:48.966  INFO 773 --- [http-nio-8044-exec-5] c.i.t.controller.ProjectController       : Get all Projects with count: 4
2019-08-29 21:01:53.994  INFO 773 --- [http-nio-8044-exec-6] c.i.t.controller.ProjectController       : Get all Projects with count: 4
2019-08-29 21:02:00.556  INFO 773 --- [http-nio-8044-exec-7] c.i.t.controller.ProjectController       : Get all Projects with count: 4
2019-08-29 21:03:40.837  INFO 773 --- [http-nio-8044-exec-9] c.i.t.controller.ParentTaskController    : Get all Parent Tasks with count: 6
2019-08-29 21:03:54.127  INFO 773 --- [http-nio-8044-exec-10] c.i.training.controller.UserController   : Get all Users with count: 5
2019-08-29 21:03:56.746  INFO 773 --- [http-nio-8044-exec-1] c.i.training.controller.TaskController   : Task added successfully with name: Back End in Middleware task
2019-08-29 21:04:00.366  INFO 773 --- [http-nio-8044-exec-2] c.i.t.controller.ProjectController       : Get all Projects with count: 4
2019-08-29 21:04:02.571  INFO 773 --- [http-nio-8044-exec-3] c.i.t.controller.ProjectController       : Get all Projects with count: 4
2019-08-29 21:04:07.554  INFO 773 --- [http-nio-8044-exec-4] c.i.t.controller.ProjectController       : Get all Projects with count: 4
2019-08-29 21:04:11.990  INFO 773 --- [http-nio-8044-exec-5] c.i.t.controller.ProjectController       : Get all Projects with count: 4
2019-08-29 21:04:13.564  INFO 773 --- [http-nio-8044-exec-6] c.i.t.controller.ProjectController       : Get all Projects with count: 4
2019-08-29 21:04:28.313  INFO 773 --- [http-nio-8044-exec-7] c.i.training.controller.TaskController   : Task added successfully with name: Front end task for Application Status Inquiry
2019-08-29 21:04:31.802  INFO 773 --- [http-nio-8044-exec-8] c.i.t.controller.ProjectController       : Get all Projects with count: 4
2019-08-29 21:04:32.984  INFO 773 --- [http-nio-8044-exec-9] c.i.t.controller.ProjectController       : Get all Projects with count: 4
2019-08-29 21:05:16.471  INFO 773 --- [http-nio-8044-exec-10] c.i.training.controller.TaskController   : Task added successfully with name: Back End in Middleware task
2019-08-29 21:05:20.139  INFO 773 --- [http-nio-8044-exec-1] c.i.t.controller.ProjectController       : Get all Projects with count: 4
2019-08-29 21:05:21.685  INFO 773 --- [http-nio-8044-exec-2] c.i.t.controller.ProjectController       : Get all Projects with count: 4
2019-08-29 21:05:44.857  INFO 773 --- [http-nio-8044-exec-3] c.i.training.controller.TaskController   : Task added successfully with name: Back End in Middleware task
2019-08-29 21:05:47.957  INFO 773 --- [http-nio-8044-exec-4] c.i.t.controller.ProjectController       : Get all Projects with count: 4
2019-08-29 21:05:49.372  INFO 773 --- [http-nio-8044-exec-5] c.i.t.controller.ProjectController       : Get all Projects with count: 4
2019-08-29 21:06:16.374  INFO 773 --- [http-nio-8044-exec-6] c.i.training.controller.TaskController   : Task added successfully with name: Back End in Middleware task to create tables
2019-08-29 21:06:20.040  INFO 773 --- [http-nio-8044-exec-7] c.i.t.controller.ProjectController       : Get all Projects with count: 4
2019-08-29 21:06:21.281  INFO 773 --- [http-nio-8044-exec-8] c.i.t.controller.ProjectController       : Get all Projects with count: 4
2019-08-29 21:06:25.444  INFO 773 --- [http-nio-8044-exec-9] c.i.t.controller.ProjectController       : Get all Projects with count: 4
2019-08-29 21:06:32.133  INFO 773 --- [http-nio-8044-exec-10] c.i.t.controller.ProjectController       : Get all Projects with count: 4
2019-08-29 21:06:58.393  INFO 773 --- [http-nio-8044-exec-1] c.i.t.controller.ParentTaskController    : Get all Parent Tasks with count: 6
2019-08-29 21:07:09.892  INFO 773 --- [http-nio-8044-exec-2] c.i.training.controller.UserController   : Get all Users with count: 5
2019-08-29 21:07:12.797  INFO 773 --- [http-nio-8044-exec-3] c.i.training.controller.TaskController   : Task added successfully with name: Adding Stored procedures for batch process
2019-08-29 21:07:16.231  INFO 773 --- [http-nio-8044-exec-4] c.i.t.controller.ProjectController       : Get all Projects with count: 4
2019-08-29 21:07:19.844  INFO 773 --- [http-nio-8044-exec-5] c.i.t.controller.ProjectController       : Get all Projects with count: 4
2019-08-29 21:07:21.695  INFO 773 --- [http-nio-8044-exec-6] c.i.t.controller.ProjectController       : Get all Projects with count: 4
2019-08-29 21:07:41.613  INFO 773 --- [http-nio-8044-exec-7] c.i.t.controller.ProjectController       : Get all Projects with count: 4
